<?xml version="1.0" encoding="UTF-8"?>
<testsuite xmlns:xsi="http://www.w3.org/2001/XMLSchema-instance" xsi:noNamespaceSchemaLocation="https://maven.apache.org/surefire/maven-surefire-plugin/xsd/surefire-test-report.xsd" version="3.0.2" name="bookstore.bookstore.CategoryRepositoryTests" time="1.941" tests="3" errors="0" skipped="0" failures="0">
  <properties>
    <property name="java.specification.version" value="21"/>
    <property name="sun.jnu.encoding" value="UTF-8"/>
    <property name="java.class.path" value="/Users/anttivaris/Desktop/Opiskelu/Kevät 2025 - 1/Bookstore2/target/test-classes:/Users/anttivaris/Desktop/Opiskelu/Kevät 2025 - 1/Bookstore2/target/classes:/Users/anttivaris/.m2/repository/org/springframework/boot/spring-boot-starter-thymeleaf/3.4.2/spring-boot-starter-thymeleaf-3.4.2.jar:/Users/anttivaris/.m2/repository/org/springframework/boot/spring-boot-starter/3.4.2/spring-boot-starter-3.4.2.jar:/Users/anttivaris/.m2/repository/org/springframework/boot/spring-boot-starter-logging/3.4.2/spring-boot-starter-logging-3.4.2.jar:/Users/anttivaris/.m2/repository/ch/qos/logback/logback-classic/1.5.16/logback-classic-1.5.16.jar:/Users/anttivaris/.m2/repository/ch/qos/logback/logback-core/1.5.16/logback-core-1.5.16.jar:/Users/anttivaris/.m2/repository/org/apache/logging/log4j/log4j-to-slf4j/2.24.3/log4j-to-slf4j-2.24.3.jar:/Users/anttivaris/.m2/repository/org/apache/logging/log4j/log4j-api/2.24.3/log4j-api-2.24.3.jar:/Users/anttivaris/.m2/repository/org/slf4j/jul-to-slf4j/2.0.16/jul-to-slf4j-2.0.16.jar:/Users/anttivaris/.m2/repository/jakarta/annotation/jakarta.annotation-api/2.1.1/jakarta.annotation-api-2.1.1.jar:/Users/anttivaris/.m2/repository/org/yaml/snakeyaml/2.3/snakeyaml-2.3.jar:/Users/anttivaris/.m2/repository/org/thymeleaf/thymeleaf-spring6/3.1.3.RELEASE/thymeleaf-spring6-3.1.3.RELEASE.jar:/Users/anttivaris/.m2/repository/org/thymeleaf/thymeleaf/3.1.3.RELEASE/thymeleaf-3.1.3.RELEASE.jar:/Users/anttivaris/.m2/repository/org/attoparser/attoparser/2.0.7.RELEASE/attoparser-2.0.7.RELEASE.jar:/Users/anttivaris/.m2/repository/org/unbescape/unbescape/1.1.6.RELEASE/unbescape-1.1.6.RELEASE.jar:/Users/anttivaris/.m2/repository/org/springframework/boot/spring-boot-starter-web/3.4.2/spring-boot-starter-web-3.4.2.jar:/Users/anttivaris/.m2/repository/org/springframework/boot/spring-boot-starter-json/3.4.2/spring-boot-starter-json-3.4.2.jar:/Users/anttivaris/.m2/repository/com/fasterxml/jackson/core/jackson-databind/2.18.2/jackson-databind-2.18.2.jar:/Users/anttivaris/.m2/repository/com/fasterxml/jackson/core/jackson-annotations/2.18.2/jackson-annotations-2.18.2.jar:/Users/anttivaris/.m2/repository/com/fasterxml/jackson/core/jackson-core/2.18.2/jackson-core-2.18.2.jar:/Users/anttivaris/.m2/repository/com/fasterxml/jackson/datatype/jackson-datatype-jdk8/2.18.2/jackson-datatype-jdk8-2.18.2.jar:/Users/anttivaris/.m2/repository/com/fasterxml/jackson/datatype/jackson-datatype-jsr310/2.18.2/jackson-datatype-jsr310-2.18.2.jar:/Users/anttivaris/.m2/repository/com/fasterxml/jackson/module/jackson-module-parameter-names/2.18.2/jackson-module-parameter-names-2.18.2.jar:/Users/anttivaris/.m2/repository/org/springframework/boot/spring-boot-starter-tomcat/3.4.2/spring-boot-starter-tomcat-3.4.2.jar:/Users/anttivaris/.m2/repository/org/apache/tomcat/embed/tomcat-embed-core/10.1.34/tomcat-embed-core-10.1.34.jar:/Users/anttivaris/.m2/repository/org/apache/tomcat/embed/tomcat-embed-websocket/10.1.34/tomcat-embed-websocket-10.1.34.jar:/Users/anttivaris/.m2/repository/org/springframework/spring-web/6.2.2/spring-web-6.2.2.jar:/Users/anttivaris/.m2/repository/org/springframework/spring-beans/6.2.2/spring-beans-6.2.2.jar:/Users/anttivaris/.m2/repository/io/micrometer/micrometer-observation/1.14.3/micrometer-observation-1.14.3.jar:/Users/anttivaris/.m2/repository/io/micrometer/micrometer-commons/1.14.3/micrometer-commons-1.14.3.jar:/Users/anttivaris/.m2/repository/org/springframework/spring-webmvc/6.2.2/spring-webmvc-6.2.2.jar:/Users/anttivaris/.m2/repository/org/springframework/spring-context/6.2.2/spring-context-6.2.2.jar:/Users/anttivaris/.m2/repository/org/springframework/spring-expression/6.2.2/spring-expression-6.2.2.jar:/Users/anttivaris/.m2/repository/org/springframework/boot/spring-boot-devtools/3.4.2/spring-boot-devtools-3.4.2.jar:/Users/anttivaris/.m2/repository/org/springframework/boot/spring-boot/3.4.2/spring-boot-3.4.2.jar:/Users/anttivaris/.m2/repository/org/springframework/boot/spring-boot-autoconfigure/3.4.2/spring-boot-autoconfigure-3.4.2.jar:/Users/anttivaris/.m2/repository/org/springframework/boot/spring-boot-starter-test/3.4.2/spring-boot-starter-test-3.4.2.jar:/Users/anttivaris/.m2/repository/org/springframework/boot/spring-boot-test/3.4.2/spring-boot-test-3.4.2.jar:/Users/anttivaris/.m2/repository/org/springframework/boot/spring-boot-test-autoconfigure/3.4.2/spring-boot-test-autoconfigure-3.4.2.jar:/Users/anttivaris/.m2/repository/com/jayway/jsonpath/json-path/2.9.0/json-path-2.9.0.jar:/Users/anttivaris/.m2/repository/jakarta/xml/bind/jakarta.xml.bind-api/4.0.2/jakarta.xml.bind-api-4.0.2.jar:/Users/anttivaris/.m2/repository/jakarta/activation/jakarta.activation-api/2.1.3/jakarta.activation-api-2.1.3.jar:/Users/anttivaris/.m2/repository/net/minidev/json-smart/2.5.1/json-smart-2.5.1.jar:/Users/anttivaris/.m2/repository/net/minidev/accessors-smart/2.5.1/accessors-smart-2.5.1.jar:/Users/anttivaris/.m2/repository/org/ow2/asm/asm/9.6/asm-9.6.jar:/Users/anttivaris/.m2/repository/org/assertj/assertj-core/3.26.3/assertj-core-3.26.3.jar:/Users/anttivaris/.m2/repository/net/bytebuddy/byte-buddy/1.15.11/byte-buddy-1.15.11.jar:/Users/anttivaris/.m2/repository/org/awaitility/awaitility/4.2.2/awaitility-4.2.2.jar:/Users/anttivaris/.m2/repository/org/hamcrest/hamcrest/2.2/hamcrest-2.2.jar:/Users/anttivaris/.m2/repository/org/junit/jupiter/junit-jupiter/5.11.4/junit-jupiter-5.11.4.jar:/Users/anttivaris/.m2/repository/org/junit/jupiter/junit-jupiter-api/5.11.4/junit-jupiter-api-5.11.4.jar:/Users/anttivaris/.m2/repository/org/opentest4j/opentest4j/1.3.0/opentest4j-1.3.0.jar:/Users/anttivaris/.m2/repository/org/junit/platform/junit-platform-commons/1.11.4/junit-platform-commons-1.11.4.jar:/Users/anttivaris/.m2/repository/org/apiguardian/apiguardian-api/1.1.2/apiguardian-api-1.1.2.jar:/Users/anttivaris/.m2/repository/org/junit/jupiter/junit-jupiter-params/5.11.4/junit-jupiter-params-5.11.4.jar:/Users/anttivaris/.m2/repository/org/junit/jupiter/junit-jupiter-engine/5.11.4/junit-jupiter-engine-5.11.4.jar:/Users/anttivaris/.m2/repository/org/junit/platform/junit-platform-engine/1.11.4/junit-platform-engine-1.11.4.jar:/Users/anttivaris/.m2/repository/org/mockito/mockito-core/5.14.2/mockito-core-5.14.2.jar:/Users/anttivaris/.m2/repository/net/bytebuddy/byte-buddy-agent/1.15.11/byte-buddy-agent-1.15.11.jar:/Users/anttivaris/.m2/repository/org/objenesis/objenesis/3.3/objenesis-3.3.jar:/Users/anttivaris/.m2/repository/org/mockito/mockito-junit-jupiter/5.14.2/mockito-junit-jupiter-5.14.2.jar:/Users/anttivaris/.m2/repository/org/skyscreamer/jsonassert/1.5.3/jsonassert-1.5.3.jar:/Users/anttivaris/.m2/repository/com/vaadin/external/google/android-json/0.0.20131108.vaadin1/android-json-0.0.20131108.vaadin1.jar:/Users/anttivaris/.m2/repository/org/springframework/spring-core/6.2.2/spring-core-6.2.2.jar:/Users/anttivaris/.m2/repository/org/springframework/spring-jcl/6.2.2/spring-jcl-6.2.2.jar:/Users/anttivaris/.m2/repository/org/springframework/spring-test/6.2.2/spring-test-6.2.2.jar:/Users/anttivaris/.m2/repository/org/xmlunit/xmlunit-core/2.10.0/xmlunit-core-2.10.0.jar:/Users/anttivaris/.m2/repository/org/springframework/boot/spring-boot-starter-data-jpa/3.4.2/spring-boot-starter-data-jpa-3.4.2.jar:/Users/anttivaris/.m2/repository/org/springframework/boot/spring-boot-starter-jdbc/3.4.2/spring-boot-starter-jdbc-3.4.2.jar:/Users/anttivaris/.m2/repository/com/zaxxer/HikariCP/5.1.0/HikariCP-5.1.0.jar:/Users/anttivaris/.m2/repository/org/springframework/spring-jdbc/6.2.2/spring-jdbc-6.2.2.jar:/Users/anttivaris/.m2/repository/org/hibernate/orm/hibernate-core/6.6.5.Final/hibernate-core-6.6.5.Final.jar:/Users/anttivaris/.m2/repository/jakarta/persistence/jakarta.persistence-api/3.1.0/jakarta.persistence-api-3.1.0.jar:/Users/anttivaris/.m2/repository/jakarta/transaction/jakarta.transaction-api/2.0.1/jakarta.transaction-api-2.0.1.jar:/Users/anttivaris/.m2/repository/org/jboss/logging/jboss-logging/3.6.1.Final/jboss-logging-3.6.1.Final.jar:/Users/anttivaris/.m2/repository/org/hibernate/common/hibernate-commons-annotations/7.0.3.Final/hibernate-commons-annotations-7.0.3.Final.jar:/Users/anttivaris/.m2/repository/io/smallrye/jandex/3.2.0/jandex-3.2.0.jar:/Users/anttivaris/.m2/repository/com/fasterxml/classmate/1.7.0/classmate-1.7.0.jar:/Users/anttivaris/.m2/repository/org/glassfish/jaxb/jaxb-runtime/4.0.5/jaxb-runtime-4.0.5.jar:/Users/anttivaris/.m2/repository/org/glassfish/jaxb/jaxb-core/4.0.5/jaxb-core-4.0.5.jar:/Users/anttivaris/.m2/repository/org/eclipse/angus/angus-activation/2.0.2/angus-activation-2.0.2.jar:/Users/anttivaris/.m2/repository/org/glassfish/jaxb/txw2/4.0.5/txw2-4.0.5.jar:/Users/anttivaris/.m2/repository/com/sun/istack/istack-commons-runtime/4.1.2/istack-commons-runtime-4.1.2.jar:/Users/anttivaris/.m2/repository/jakarta/inject/jakarta.inject-api/2.0.1/jakarta.inject-api-2.0.1.jar:/Users/anttivaris/.m2/repository/org/antlr/antlr4-runtime/4.13.0/antlr4-runtime-4.13.0.jar:/Users/anttivaris/.m2/repository/org/springframework/data/spring-data-jpa/3.4.2/spring-data-jpa-3.4.2.jar:/Users/anttivaris/.m2/repository/org/springframework/data/spring-data-commons/3.4.2/spring-data-commons-3.4.2.jar:/Users/anttivaris/.m2/repository/org/springframework/spring-orm/6.2.2/spring-orm-6.2.2.jar:/Users/anttivaris/.m2/repository/org/springframework/spring-tx/6.2.2/spring-tx-6.2.2.jar:/Users/anttivaris/.m2/repository/org/springframework/spring-aspects/6.2.2/spring-aspects-6.2.2.jar:/Users/anttivaris/.m2/repository/org/aspectj/aspectjweaver/1.9.22.1/aspectjweaver-1.9.22.1.jar:/Users/anttivaris/.m2/repository/com/h2database/h2/2.3.232/h2-2.3.232.jar:/Users/anttivaris/.m2/repository/org/springframework/boot/spring-boot-starter-validation/3.4.2/spring-boot-starter-validation-3.4.2.jar:/Users/anttivaris/.m2/repository/org/apache/tomcat/embed/tomcat-embed-el/10.1.34/tomcat-embed-el-10.1.34.jar:/Users/anttivaris/.m2/repository/org/hibernate/validator/hibernate-validator/8.0.2.Final/hibernate-validator-8.0.2.Final.jar:/Users/anttivaris/.m2/repository/jakarta/validation/jakarta.validation-api/3.0.2/jakarta.validation-api-3.0.2.jar:/Users/anttivaris/.m2/repository/org/springframework/boot/spring-boot-starter-security/3.4.2/spring-boot-starter-security-3.4.2.jar:/Users/anttivaris/.m2/repository/org/springframework/spring-aop/6.2.2/spring-aop-6.2.2.jar:/Users/anttivaris/.m2/repository/org/springframework/security/spring-security-config/6.4.2/spring-security-config-6.4.2.jar:/Users/anttivaris/.m2/repository/org/springframework/security/spring-security-core/6.4.2/spring-security-core-6.4.2.jar:/Users/anttivaris/.m2/repository/org/springframework/security/spring-security-crypto/6.4.2/spring-security-crypto-6.4.2.jar:/Users/anttivaris/.m2/repository/org/springframework/security/spring-security-web/6.4.2/spring-security-web-6.4.2.jar:/Users/anttivaris/.m2/repository/org/thymeleaf/extras/thymeleaf-extras-springsecurity6/3.1.3.RELEASE/thymeleaf-extras-springsecurity6-3.1.3.RELEASE.jar:/Users/anttivaris/.m2/repository/org/slf4j/slf4j-api/2.0.16/slf4j-api-2.0.16.jar:/Users/anttivaris/.m2/repository/org/postgresql/postgresql/42.7.5/postgresql-42.7.5.jar:/Users/anttivaris/.m2/repository/org/checkerframework/checker-qual/3.48.3/checker-qual-3.48.3.jar:"/>
    <property name="java.vm.vendor" value="Oracle Corporation"/>
    <property name="sun.arch.data.model" value="64"/>
    <property name="java.vendor.url" value="https://java.oracle.com/"/>
    <property name="user.timezone" value="Europe/Helsinki"/>
    <property name="org.jboss.logging.provider" value="slf4j"/>
    <property name="os.name" value="Mac OS X"/>
    <property name="java.vm.specification.version" value="21"/>
    <property name="sun.java.launcher" value="SUN_STANDARD"/>
    <property name="user.country" value="FI"/>
    <property name="sun.boot.library.path" value="/Library/Java/JavaVirtualMachines/jdk-21.jdk/Contents/Home/lib"/>
    <property name="sun.java.command" value="/Users/anttivaris/Desktop/Opiskelu/Kevät 2025 - 1/Bookstore2/target/surefire/surefirebooter-20250317190850988_3.jar /Users/anttivaris/Desktop/Opiskelu/Kevät 2025 - 1/Bookstore2/target/surefire 2025-03-17T19-08-50_948-jvmRun1 surefire-20250317190850988_1tmp surefire_0-20250317190850988_2tmp"/>
    <property name="http.nonProxyHosts" value="local|*.local|169.254/16|*.169.254/16"/>
    <property name="jdk.debug" value="release"/>
    <property name="surefire.test.class.path" value="/Users/anttivaris/Desktop/Opiskelu/Kevät 2025 - 1/Bookstore2/target/test-classes:/Users/anttivaris/Desktop/Opiskelu/Kevät 2025 - 1/Bookstore2/target/classes:/Users/anttivaris/.m2/repository/org/springframework/boot/spring-boot-starter-thymeleaf/3.4.2/spring-boot-starter-thymeleaf-3.4.2.jar:/Users/anttivaris/.m2/repository/org/springframework/boot/spring-boot-starter/3.4.2/spring-boot-starter-3.4.2.jar:/Users/anttivaris/.m2/repository/org/springframework/boot/spring-boot-starter-logging/3.4.2/spring-boot-starter-logging-3.4.2.jar:/Users/anttivaris/.m2/repository/ch/qos/logback/logback-classic/1.5.16/logback-classic-1.5.16.jar:/Users/anttivaris/.m2/repository/ch/qos/logback/logback-core/1.5.16/logback-core-1.5.16.jar:/Users/anttivaris/.m2/repository/org/apache/logging/log4j/log4j-to-slf4j/2.24.3/log4j-to-slf4j-2.24.3.jar:/Users/anttivaris/.m2/repository/org/apache/logging/log4j/log4j-api/2.24.3/log4j-api-2.24.3.jar:/Users/anttivaris/.m2/repository/org/slf4j/jul-to-slf4j/2.0.16/jul-to-slf4j-2.0.16.jar:/Users/anttivaris/.m2/repository/jakarta/annotation/jakarta.annotation-api/2.1.1/jakarta.annotation-api-2.1.1.jar:/Users/anttivaris/.m2/repository/org/yaml/snakeyaml/2.3/snakeyaml-2.3.jar:/Users/anttivaris/.m2/repository/org/thymeleaf/thymeleaf-spring6/3.1.3.RELEASE/thymeleaf-spring6-3.1.3.RELEASE.jar:/Users/anttivaris/.m2/repository/org/thymeleaf/thymeleaf/3.1.3.RELEASE/thymeleaf-3.1.3.RELEASE.jar:/Users/anttivaris/.m2/repository/org/attoparser/attoparser/2.0.7.RELEASE/attoparser-2.0.7.RELEASE.jar:/Users/anttivaris/.m2/repository/org/unbescape/unbescape/1.1.6.RELEASE/unbescape-1.1.6.RELEASE.jar:/Users/anttivaris/.m2/repository/org/springframework/boot/spring-boot-starter-web/3.4.2/spring-boot-starter-web-3.4.2.jar:/Users/anttivaris/.m2/repository/org/springframework/boot/spring-boot-starter-json/3.4.2/spring-boot-starter-json-3.4.2.jar:/Users/anttivaris/.m2/repository/com/fasterxml/jackson/core/jackson-databind/2.18.2/jackson-databind-2.18.2.jar:/Users/anttivaris/.m2/repository/com/fasterxml/jackson/core/jackson-annotations/2.18.2/jackson-annotations-2.18.2.jar:/Users/anttivaris/.m2/repository/com/fasterxml/jackson/core/jackson-core/2.18.2/jackson-core-2.18.2.jar:/Users/anttivaris/.m2/repository/com/fasterxml/jackson/datatype/jackson-datatype-jdk8/2.18.2/jackson-datatype-jdk8-2.18.2.jar:/Users/anttivaris/.m2/repository/com/fasterxml/jackson/datatype/jackson-datatype-jsr310/2.18.2/jackson-datatype-jsr310-2.18.2.jar:/Users/anttivaris/.m2/repository/com/fasterxml/jackson/module/jackson-module-parameter-names/2.18.2/jackson-module-parameter-names-2.18.2.jar:/Users/anttivaris/.m2/repository/org/springframework/boot/spring-boot-starter-tomcat/3.4.2/spring-boot-starter-tomcat-3.4.2.jar:/Users/anttivaris/.m2/repository/org/apache/tomcat/embed/tomcat-embed-core/10.1.34/tomcat-embed-core-10.1.34.jar:/Users/anttivaris/.m2/repository/org/apache/tomcat/embed/tomcat-embed-websocket/10.1.34/tomcat-embed-websocket-10.1.34.jar:/Users/anttivaris/.m2/repository/org/springframework/spring-web/6.2.2/spring-web-6.2.2.jar:/Users/anttivaris/.m2/repository/org/springframework/spring-beans/6.2.2/spring-beans-6.2.2.jar:/Users/anttivaris/.m2/repository/io/micrometer/micrometer-observation/1.14.3/micrometer-observation-1.14.3.jar:/Users/anttivaris/.m2/repository/io/micrometer/micrometer-commons/1.14.3/micrometer-commons-1.14.3.jar:/Users/anttivaris/.m2/repository/org/springframework/spring-webmvc/6.2.2/spring-webmvc-6.2.2.jar:/Users/anttivaris/.m2/repository/org/springframework/spring-context/6.2.2/spring-context-6.2.2.jar:/Users/anttivaris/.m2/repository/org/springframework/spring-expression/6.2.2/spring-expression-6.2.2.jar:/Users/anttivaris/.m2/repository/org/springframework/boot/spring-boot-devtools/3.4.2/spring-boot-devtools-3.4.2.jar:/Users/anttivaris/.m2/repository/org/springframework/boot/spring-boot/3.4.2/spring-boot-3.4.2.jar:/Users/anttivaris/.m2/repository/org/springframework/boot/spring-boot-autoconfigure/3.4.2/spring-boot-autoconfigure-3.4.2.jar:/Users/anttivaris/.m2/repository/org/springframework/boot/spring-boot-starter-test/3.4.2/spring-boot-starter-test-3.4.2.jar:/Users/anttivaris/.m2/repository/org/springframework/boot/spring-boot-test/3.4.2/spring-boot-test-3.4.2.jar:/Users/anttivaris/.m2/repository/org/springframework/boot/spring-boot-test-autoconfigure/3.4.2/spring-boot-test-autoconfigure-3.4.2.jar:/Users/anttivaris/.m2/repository/com/jayway/jsonpath/json-path/2.9.0/json-path-2.9.0.jar:/Users/anttivaris/.m2/repository/jakarta/xml/bind/jakarta.xml.bind-api/4.0.2/jakarta.xml.bind-api-4.0.2.jar:/Users/anttivaris/.m2/repository/jakarta/activation/jakarta.activation-api/2.1.3/jakarta.activation-api-2.1.3.jar:/Users/anttivaris/.m2/repository/net/minidev/json-smart/2.5.1/json-smart-2.5.1.jar:/Users/anttivaris/.m2/repository/net/minidev/accessors-smart/2.5.1/accessors-smart-2.5.1.jar:/Users/anttivaris/.m2/repository/org/ow2/asm/asm/9.6/asm-9.6.jar:/Users/anttivaris/.m2/repository/org/assertj/assertj-core/3.26.3/assertj-core-3.26.3.jar:/Users/anttivaris/.m2/repository/net/bytebuddy/byte-buddy/1.15.11/byte-buddy-1.15.11.jar:/Users/anttivaris/.m2/repository/org/awaitility/awaitility/4.2.2/awaitility-4.2.2.jar:/Users/anttivaris/.m2/repository/org/hamcrest/hamcrest/2.2/hamcrest-2.2.jar:/Users/anttivaris/.m2/repository/org/junit/jupiter/junit-jupiter/5.11.4/junit-jupiter-5.11.4.jar:/Users/anttivaris/.m2/repository/org/junit/jupiter/junit-jupiter-api/5.11.4/junit-jupiter-api-5.11.4.jar:/Users/anttivaris/.m2/repository/org/opentest4j/opentest4j/1.3.0/opentest4j-1.3.0.jar:/Users/anttivaris/.m2/repository/org/junit/platform/junit-platform-commons/1.11.4/junit-platform-commons-1.11.4.jar:/Users/anttivaris/.m2/repository/org/apiguardian/apiguardian-api/1.1.2/apiguardian-api-1.1.2.jar:/Users/anttivaris/.m2/repository/org/junit/jupiter/junit-jupiter-params/5.11.4/junit-jupiter-params-5.11.4.jar:/Users/anttivaris/.m2/repository/org/junit/jupiter/junit-jupiter-engine/5.11.4/junit-jupiter-engine-5.11.4.jar:/Users/anttivaris/.m2/repository/org/junit/platform/junit-platform-engine/1.11.4/junit-platform-engine-1.11.4.jar:/Users/anttivaris/.m2/repository/org/mockito/mockito-core/5.14.2/mockito-core-5.14.2.jar:/Users/anttivaris/.m2/repository/net/bytebuddy/byte-buddy-agent/1.15.11/byte-buddy-agent-1.15.11.jar:/Users/anttivaris/.m2/repository/org/objenesis/objenesis/3.3/objenesis-3.3.jar:/Users/anttivaris/.m2/repository/org/mockito/mockito-junit-jupiter/5.14.2/mockito-junit-jupiter-5.14.2.jar:/Users/anttivaris/.m2/repository/org/skyscreamer/jsonassert/1.5.3/jsonassert-1.5.3.jar:/Users/anttivaris/.m2/repository/com/vaadin/external/google/android-json/0.0.20131108.vaadin1/android-json-0.0.20131108.vaadin1.jar:/Users/anttivaris/.m2/repository/org/springframework/spring-core/6.2.2/spring-core-6.2.2.jar:/Users/anttivaris/.m2/repository/org/springframework/spring-jcl/6.2.2/spring-jcl-6.2.2.jar:/Users/anttivaris/.m2/repository/org/springframework/spring-test/6.2.2/spring-test-6.2.2.jar:/Users/anttivaris/.m2/repository/org/xmlunit/xmlunit-core/2.10.0/xmlunit-core-2.10.0.jar:/Users/anttivaris/.m2/repository/org/springframework/boot/spring-boot-starter-data-jpa/3.4.2/spring-boot-starter-data-jpa-3.4.2.jar:/Users/anttivaris/.m2/repository/org/springframework/boot/spring-boot-starter-jdbc/3.4.2/spring-boot-starter-jdbc-3.4.2.jar:/Users/anttivaris/.m2/repository/com/zaxxer/HikariCP/5.1.0/HikariCP-5.1.0.jar:/Users/anttivaris/.m2/repository/org/springframework/spring-jdbc/6.2.2/spring-jdbc-6.2.2.jar:/Users/anttivaris/.m2/repository/org/hibernate/orm/hibernate-core/6.6.5.Final/hibernate-core-6.6.5.Final.jar:/Users/anttivaris/.m2/repository/jakarta/persistence/jakarta.persistence-api/3.1.0/jakarta.persistence-api-3.1.0.jar:/Users/anttivaris/.m2/repository/jakarta/transaction/jakarta.transaction-api/2.0.1/jakarta.transaction-api-2.0.1.jar:/Users/anttivaris/.m2/repository/org/jboss/logging/jboss-logging/3.6.1.Final/jboss-logging-3.6.1.Final.jar:/Users/anttivaris/.m2/repository/org/hibernate/common/hibernate-commons-annotations/7.0.3.Final/hibernate-commons-annotations-7.0.3.Final.jar:/Users/anttivaris/.m2/repository/io/smallrye/jandex/3.2.0/jandex-3.2.0.jar:/Users/anttivaris/.m2/repository/com/fasterxml/classmate/1.7.0/classmate-1.7.0.jar:/Users/anttivaris/.m2/repository/org/glassfish/jaxb/jaxb-runtime/4.0.5/jaxb-runtime-4.0.5.jar:/Users/anttivaris/.m2/repository/org/glassfish/jaxb/jaxb-core/4.0.5/jaxb-core-4.0.5.jar:/Users/anttivaris/.m2/repository/org/eclipse/angus/angus-activation/2.0.2/angus-activation-2.0.2.jar:/Users/anttivaris/.m2/repository/org/glassfish/jaxb/txw2/4.0.5/txw2-4.0.5.jar:/Users/anttivaris/.m2/repository/com/sun/istack/istack-commons-runtime/4.1.2/istack-commons-runtime-4.1.2.jar:/Users/anttivaris/.m2/repository/jakarta/inject/jakarta.inject-api/2.0.1/jakarta.inject-api-2.0.1.jar:/Users/anttivaris/.m2/repository/org/antlr/antlr4-runtime/4.13.0/antlr4-runtime-4.13.0.jar:/Users/anttivaris/.m2/repository/org/springframework/data/spring-data-jpa/3.4.2/spring-data-jpa-3.4.2.jar:/Users/anttivaris/.m2/repository/org/springframework/data/spring-data-commons/3.4.2/spring-data-commons-3.4.2.jar:/Users/anttivaris/.m2/repository/org/springframework/spring-orm/6.2.2/spring-orm-6.2.2.jar:/Users/anttivaris/.m2/repository/org/springframework/spring-tx/6.2.2/spring-tx-6.2.2.jar:/Users/anttivaris/.m2/repository/org/springframework/spring-aspects/6.2.2/spring-aspects-6.2.2.jar:/Users/anttivaris/.m2/repository/org/aspectj/aspectjweaver/1.9.22.1/aspectjweaver-1.9.22.1.jar:/Users/anttivaris/.m2/repository/com/h2database/h2/2.3.232/h2-2.3.232.jar:/Users/anttivaris/.m2/repository/org/springframework/boot/spring-boot-starter-validation/3.4.2/spring-boot-starter-validation-3.4.2.jar:/Users/anttivaris/.m2/repository/org/apache/tomcat/embed/tomcat-embed-el/10.1.34/tomcat-embed-el-10.1.34.jar:/Users/anttivaris/.m2/repository/org/hibernate/validator/hibernate-validator/8.0.2.Final/hibernate-validator-8.0.2.Final.jar:/Users/anttivaris/.m2/repository/jakarta/validation/jakarta.validation-api/3.0.2/jakarta.validation-api-3.0.2.jar:/Users/anttivaris/.m2/repository/org/springframework/boot/spring-boot-starter-security/3.4.2/spring-boot-starter-security-3.4.2.jar:/Users/anttivaris/.m2/repository/org/springframework/spring-aop/6.2.2/spring-aop-6.2.2.jar:/Users/anttivaris/.m2/repository/org/springframework/security/spring-security-config/6.4.2/spring-security-config-6.4.2.jar:/Users/anttivaris/.m2/repository/org/springframework/security/spring-security-core/6.4.2/spring-security-core-6.4.2.jar:/Users/anttivaris/.m2/repository/org/springframework/security/spring-security-crypto/6.4.2/spring-security-crypto-6.4.2.jar:/Users/anttivaris/.m2/repository/org/springframework/security/spring-security-web/6.4.2/spring-security-web-6.4.2.jar:/Users/anttivaris/.m2/repository/org/thymeleaf/extras/thymeleaf-extras-springsecurity6/3.1.3.RELEASE/thymeleaf-extras-springsecurity6-3.1.3.RELEASE.jar:/Users/anttivaris/.m2/repository/org/slf4j/slf4j-api/2.0.16/slf4j-api-2.0.16.jar:/Users/anttivaris/.m2/repository/org/postgresql/postgresql/42.7.5/postgresql-42.7.5.jar:/Users/anttivaris/.m2/repository/org/checkerframework/checker-qual/3.48.3/checker-qual-3.48.3.jar:"/>
    <property name="sun.cpu.endian" value="little"/>
    <property name="user.home" value="/Users/anttivaris"/>
    <property name="user.language" value="en"/>
    <property name="java.specification.vendor" value="Oracle Corporation"/>
    <property name="java.version.date" value="2024-04-16"/>
    <property name="java.home" value="/Library/Java/JavaVirtualMachines/jdk-21.jdk/Contents/Home"/>
    <property name="file.separator" value="/"/>
    <property name="basedir" value="/Users/anttivaris/Desktop/Opiskelu/Kevät 2025 - 1/Bookstore2"/>
    <property name="java.vm.compressedOopsMode" value="Zero based"/>
    <property name="line.separator" value="&#10;"/>
    <property name="java.vm.specification.vendor" value="Oracle Corporation"/>
    <property name="java.specification.name" value="Java Platform API Specification"/>
    <property name="FILE_LOG_CHARSET" value="UTF-8"/>
    <property name="java.awt.headless" value="true"/>
    <property name="apple.awt.application.name" value="ForkedBooter"/>
    <property name="surefire.real.class.path" value="/Users/anttivaris/Desktop/Opiskelu/Kevät 2025 - 1/Bookstore2/target/surefire/surefirebooter-20250317190850988_3.jar"/>
    <property name="sun.management.compiler" value="HotSpot 64-Bit Tiered Compilers"/>
    <property name="ftp.nonProxyHosts" value="local|*.local|169.254/16|*.169.254/16"/>
    <property name="java.runtime.version" value="21.0.3+7-LTS-152"/>
    <property name="user.name" value="anttivaris"/>
    <property name="stdout.encoding" value="UTF-8"/>
    <property name="path.separator" value=":"/>
    <property name="os.version" value="15.3.2"/>
    <property name="java.runtime.name" value="Java(TM) SE Runtime Environment"/>
    <property name="file.encoding" value="UTF-8"/>
    <property name="java.vm.name" value="Java HotSpot(TM) 64-Bit Server VM"/>
    <property name="localRepository" value="/Users/anttivaris/.m2/repository"/>
    <property name="java.vendor.url.bug" value="https://bugreport.java.com/bugreport/"/>
    <property name="java.io.tmpdir" value="/var/folders/zf/w2rvsqh16slfphtshk4whcv40000gn/T/"/>
    <property name="com.zaxxer.hikari.pool_number" value="1"/>
    <property name="java.version" value="21.0.3"/>
    <property name="user.dir" value="/Users/anttivaris/Desktop/Opiskelu/Kevät 2025 - 1/Bookstore2"/>
    <property name="os.arch" value="aarch64"/>
    <property name="java.vm.specification.name" value="Java Virtual Machine Specification"/>
    <property name="PID" value="30088"/>
    <property name="CONSOLE_LOG_CHARSET" value="UTF-8"/>
    <property name="native.encoding" value="UTF-8"/>
    <property name="java.library.path" value="/Users/anttivaris/Library/Java/Extensions:/Library/Java/Extensions:/Network/Library/Java/Extensions:/System/Library/Java/Extensions:/usr/lib/java:."/>
    <property name="java.vm.info" value="mixed mode, sharing"/>
    <property name="stderr.encoding" value="UTF-8"/>
    <property name="java.vendor" value="Oracle Corporation"/>
    <property name="java.vm.version" value="21.0.3+7-LTS-152"/>
    <property name="sun.io.unicode.encoding" value="UnicodeBig"/>
    <property name="socksNonProxyHosts" value="local|*.local|169.254/16|*.169.254/16"/>
    <property name="java.class.version" value="65.0"/>
  </properties>
  <testcase name="addingNewCategoryWorks" classname="bookstore.bookstore.CategoryRepositoryTests" time="0.315">
    <system-out><![CDATA[19:08:51.370 [main] INFO org.springframework.test.context.support.AnnotationConfigContextLoaderUtils -- Could not detect default configuration classes for test class [bookstore.bookstore.CategoryRepositoryTests]: CategoryRepositoryTests does not declare any static, non-private, non-final, nested classes annotated with @Configuration.
19:08:51.425 [main] INFO org.springframework.boot.test.context.SpringBootTestContextBootstrapper -- Found @SpringBootConfiguration bookstore.bookstore.BookstoreApplication for test class bookstore.bookstore.CategoryRepositoryTests
19:08:51.455 [main] INFO org.springframework.boot.devtools.restart.RestartApplicationListener -- Restart disabled due to context in which it is running

  .   ____          _            __ _ _
 /\\ / ___'_ __ _ _(_)_ __  __ _ \ \ \ \
( ( )\___ | '_ | '_| | '_ \/ _` | \ \ \ \
 \\/  ___)| |_)| | | | | || (_| |  ) ) ) )
  '  |____| .__|_| |_|_| |_\__, | / / / /
 =========|_|==============|___/=/_/_/_/

 :: Spring Boot ::                (v3.4.2)

2025-03-17T19:08:51.579+02:00  INFO 30088 --- [           main] b.bookstore.CategoryRepositoryTests      : Starting CategoryRepositoryTests using Java 21.0.3 with PID 30088 (started by anttivaris in /Users/anttivaris/Desktop/Opiskelu/Kevät 2025 - 1/Bookstore2)
2025-03-17T19:08:51.579+02:00  INFO 30088 --- [           main] b.bookstore.CategoryRepositoryTests      : The following 1 profile is active: "dev"
2025-03-17T19:08:51.717+02:00  INFO 30088 --- [           main] .s.d.r.c.RepositoryConfigurationDelegate : Bootstrapping Spring Data JPA repositories in DEFAULT mode.
2025-03-17T19:08:51.742+02:00  INFO 30088 --- [           main] .s.d.r.c.RepositoryConfigurationDelegate : Finished Spring Data repository scanning in 20 ms. Found 3 JPA repository interfaces.
2025-03-17T19:08:51.855+02:00  INFO 30088 --- [           main] com.zaxxer.hikari.HikariDataSource       : HikariPool-1 - Starting...
2025-03-17T19:08:51.933+02:00  INFO 30088 --- [           main] com.zaxxer.hikari.pool.HikariPool        : HikariPool-1 - Added connection conn0: url=jdbc:h2:mem:c21541a8-2c96-4f8b-9d99-fe1c57faca8f user=SA
2025-03-17T19:08:51.933+02:00  INFO 30088 --- [           main] com.zaxxer.hikari.HikariDataSource       : HikariPool-1 - Start completed.
2025-03-17T19:08:51.956+02:00  INFO 30088 --- [           main] o.hibernate.jpa.internal.util.LogHelper  : HHH000204: Processing PersistenceUnitInfo [name: default]
2025-03-17T19:08:51.983+02:00  INFO 30088 --- [           main] org.hibernate.Version                    : HHH000412: Hibernate ORM core version 6.6.5.Final
2025-03-17T19:08:51.999+02:00  INFO 30088 --- [           main] o.h.c.internal.RegionFactoryInitiator    : HHH000026: Second-level cache disabled
2025-03-17T19:08:52.098+02:00  INFO 30088 --- [           main] o.s.o.j.p.SpringPersistenceUnitInfo      : No LoadTimeWeaver setup: ignoring JPA class transformer
2025-03-17T19:08:52.126+02:00  INFO 30088 --- [           main] org.hibernate.orm.connections.pooling    : HHH10001005: Database info:
	Database JDBC URL [Connecting through datasource 'HikariDataSource (HikariPool-1)']
	Database driver: undefined/unknown
	Database version: 2.3.232
	Autocommit mode: undefined/unknown
	Isolation level: undefined/unknown
	Minimum pool size: undefined/unknown
	Maximum pool size: undefined/unknown
Hibernate: create global temporary table HTE_category(rn_ integer not null, categoryid bigint, name varchar(255), primary key (rn_)) TRANSACTIONAL
2025-03-17T19:08:52.505+02:00  INFO 30088 --- [           main] o.h.e.t.j.p.i.JtaPlatformInitiator       : HHH000489: No JTA platform available (set 'hibernate.transaction.jta.platform' to enable JTA platform integration)
Hibernate: drop table if exists book cascade 
Hibernate: drop table if exists category cascade 
Hibernate: drop table if exists user_table cascade 
Hibernate: drop sequence if exists category_seq
Hibernate: create sequence category_seq start with 1 increment by 50
Hibernate: create table book (categoryid bigint, id bigint generated by default as identity, author varchar(255) not null, isbn varchar(255), price varchar(255), publication_year varchar(255), title varchar(255) not null, primary key (id))
Hibernate: create table category (categoryid bigint not null, name varchar(255), primary key (categoryid))
Hibernate: create table user_table (id bigint generated by default as identity, password varchar(255) not null, role varchar(255) not null, username varchar(255) not null unique, primary key (id))
Hibernate: alter table if exists book add constraint FK2b35frrtu8m7cdfnu300xhnlm foreign key (categoryid) references category
2025-03-17T19:08:52.528+02:00  INFO 30088 --- [           main] j.LocalContainerEntityManagerFactoryBean : Initialized JPA EntityManagerFactory for persistence unit 'default'
2025-03-17T19:08:52.669+02:00  INFO 30088 --- [           main] b.bookstore.CategoryRepositoryTests      : Started CategoryRepositoryTests in 1.216 seconds (process running for 1.621)
Hibernate: select count(*) from category c1_0
Hibernate: select next value for category_seq
Hibernate: insert into category (name,categoryid) values (?,?)
Hibernate: select next value for category_seq
Hibernate: insert into category (name,categoryid) values (?,?)
Hibernate: insert into category (name,categoryid) values (?,?)
Hibernate: insert into category (name,categoryid) values (?,?)
2025-03-17T19:08:52.872+02:00  INFO 30088 --- [           main] b.bookstore.BookstoreApplication         : Add some demo books to db...
Hibernate: select count(*) from book b1_0
Hibernate: insert into book (author,categoryid,isbn,price,publication_year,title,id) values (?,?,?,?,?,?,default)
Hibernate: insert into book (author,categoryid,isbn,price,publication_year,title,id) values (?,?,?,?,?,?,default)
Hibernate: insert into book (author,categoryid,isbn,price,publication_year,title,id) values (?,?,?,?,?,?,default)
Hibernate: insert into book (author,categoryid,isbn,price,publication_year,title,id) values (?,?,?,?,?,?,default)
2025-03-17T19:08:52.883+02:00  INFO 30088 --- [           main] b.bookstore.BookstoreApplication         : Printing list of books...
Hibernate: select b1_0.id,b1_0.author,b1_0.categoryid,b1_0.isbn,b1_0.price,b1_0.publication_year,b1_0.title from book b1_0
Hibernate: select c1_0.categoryid,c1_0.name from category c1_0 where c1_0.categoryid=?
Hibernate: select c1_0.categoryid,c1_0.name from category c1_0 where c1_0.categoryid=?
Hibernate: select c1_0.categoryid,c1_0.name from category c1_0 where c1_0.categoryid=?
2025-03-17T19:08:52.897+02:00  INFO 30088 --- [           main] b.bookstore.BookstoreApplication         : Book [id=1, title=Lord of the Rings: The Two Towers, author=J.R.R. Tolkien, publicationYear=1954, isbn=978-951-0-33337-2, price=24.00, category=Fantasy]
2025-03-17T19:08:52.897+02:00  INFO 30088 --- [           main] b.bookstore.BookstoreApplication         : Book [id=2, title=Harry Potter and the Philosopher's Stone, author=J.K. Rowling, publicationYear=1997, isbn=951-31-1146-6, price=19.00, category=Fantasy]
2025-03-17T19:08:52.897+02:00  INFO 30088 --- [           main] b.bookstore.BookstoreApplication         : Book [id=3, title=Kafka on the Shore, author=H. Murakami, publicationYear=2002, isbn=1-84343-110-6, price=9.90, category=Magical realism]
2025-03-17T19:08:52.897+02:00  INFO 30088 --- [           main] b.bookstore.BookstoreApplication         : Book [id=4, title=The Egyptian, author=M. Waltari, publicationYear=1945, isbn=1-55652-441-2, price=39.90, category=Historical novel]
Hibernate: select count(*) from user_table au1_0
Hibernate: insert into user_table (password,role,username,id) values (?,?,?,default)
Hibernate: insert into user_table (password,role,username,id) values (?,?,?,default)
]]></system-out>
    <system-err><![CDATA[Mockito is currently self-attaching to enable the inline-mock-maker. This will no longer work in future releases of the JDK. Please add Mockito as an agent to your build what is described in Mockito's documentation: https://javadoc.io/doc/org.mockito/mockito-core/latest/org/mockito/Mockito.html#0.3
WARNING: A Java agent has been loaded dynamically (/Users/anttivaris/.m2/repository/net/bytebuddy/byte-buddy-agent/1.15.11/byte-buddy-agent-1.15.11.jar)
WARNING: If a serviceability tool is in use, please run with -XX:+EnableDynamicAgentLoading to hide this warning
WARNING: If a serviceability tool is not in use, please run with -Djdk.instrument.traceUsage for more information
WARNING: Dynamic loading of agents will be disallowed by default in a future release
]]></system-err>
  </testcase>
  <testcase name="searchCategoryByNameWorks" classname="bookstore.bookstore.CategoryRepositoryTests" time="0.012">
    <system-out><![CDATA[Hibernate: insert into category (name,categoryid) values (?,?)
Hibernate: select c1_0.categoryid,c1_0.name from category c1_0 where c1_0.name=?
]]></system-out>
  </testcase>
  <testcase name="deletingCategoryWorks" classname="bookstore.bookstore.CategoryRepositoryTests" time="0.006">
    <system-out><![CDATA[Hibernate: insert into category (name,categoryid) values (?,?)
Hibernate: select c1_0.categoryid,c1_0.name from category c1_0 where c1_0.name=?
Hibernate: delete from category where categoryid=?
Hibernate: select c1_0.categoryid,c1_0.name from category c1_0 where c1_0.name=?
]]></system-out>
  </testcase>
</testsuite>